<?xml version="1.0" encoding="UTF-8"?>
<!-- Generated by org.testng.reporters.JUnitReportReporter -->
<testsuite skipped="0" hostname="DESKTOP-RIRT9UO" name="homedeport.signup.NewTest" tests="1" failures="0" timestamp="2019-11-16T12:30:39 EST" time="25.825" errors="0">
  <testcase name="f" time="25.825" classname="homedeport.signup.NewTest"/>
</testsuite> <!-- homedeport.signup.NewTest -->
