<?xml version="1.0" encoding="UTF-8"?>
<!-- Generated by org.testng.reporters.JUnitReportReporter -->
<testsuite skipped="0" hostname="DESKTOP-RIRT9UO" name="expedia.expedia" tests="1" failures="0" timestamp="2019-11-19T17:03:46 EST" time="0.009" errors="0">
  <testcase name="f" time="0.009" classname="expedia.expedia"/>
</testsuite> <!-- expedia.expedia -->
