<?xml version="1.0" encoding="UTF-8"?>
<!-- Generated by org.testng.reporters.JUnitReportReporter -->
<testsuite skipped="0" hostname="DESKTOP-RIRT9UO" name="expedia.testingexpedia" tests="1" failures="0" timestamp="2019-11-20T17:41:35 EST" time="100.221" errors="0">
  <testcase name="f" time="100.221" classname="expedia.testingexpedia"/>
</testsuite> <!-- expedia.testingexpedia -->
